
 Ansys Mechanical Enterprise Academic Student      


 *------------------------------------------------------------------*
 |                                                                  |
 |   W E L C O M E   T O   T H E   A N S Y S (R)  P R O G R A M     |
 |                                                                  |
 *------------------------------------------------------------------*




 ***************************************************************
 *         ANSYS MAPDL 2022 R2          LEGAL NOTICES          *
 ***************************************************************
 *                                                             *
 * Copyright 1971-2022 Ansys, Inc.  All rights reserved.       *
 * Unauthorized use, distribution or duplication is            *
 * prohibited.                                                 *
 *                                                             *
 * Ansys is a registered trademark of Ansys, Inc. or its       *
 * subsidiaries in the United States or other countries.       *
 * See the Ansys, Inc. online documentation or the Ansys, Inc. *
 * documentation CD or online help for the complete Legal      *
 * Notice.                                                     *
 *                                                             *
 ***************************************************************
 *                                                             *
 * THIS ANSYS SOFTWARE PRODUCT AND PROGRAM DOCUMENTATION       *
 * INCLUDE TRADE SECRETS AND CONFIDENTIAL AND PROPRIETARY      *
 * PRODUCTS OF ANSYS, INC., ITS SUBSIDIARIES, OR LICENSORS.    *
 * The software products and documentation are furnished by    *
 * Ansys, Inc. or its subsidiaries under a software license    *
 * agreement that contains provisions concerning               *
 * non-disclosure, copying, length and nature of use,          *
 * compliance with exporting laws, warranties, disclaimers,    *
 * limitations of liability, and remedies, and other           *
 * provisions.  The software products and documentation may be *
 * used, disclosed, transferred, or copied only in accordance  *
 * with the terms and conditions of that software license      *
 * agreement.                                                  *
 *                                                             *
 * Ansys, Inc. is a UL registered                              *
 * ISO 9001:2015 company.                                      *
 *                                                             *
 ***************************************************************
 *                                                             *
 * This product is subject to U.S. laws governing export and   *
 * re-export.                                                  *
 *                                                             *
 * For U.S. Government users, except as specifically granted   *
 * by the Ansys, Inc. software license agreement, the use,     *
 * duplication, or disclosure by the United States Government  *
 * is subject to restrictions stated in the Ansys, Inc.        *
 * software license agreement and FAR 12.212 (for non-DOD      *
 * licenses).                                                  *
 *                                                             *
 ***************************************************************

 2022 R2 
     
 Point Releases and Patches installed:   
     
 Ansys, Inc. Products 2022 R2
 Autodyn 2022 R2 
 SpaceClaim 2022 R2  
 CFX (includes CFD-Post) 2022 R2 
 Chemkin 2022 R2 
 EnSight 2022 R2 
 FENSAP-ICE 2022 R2  
 Fluent (includes CFD-Post) 2022 R2  
 Polyflow (includes CFD-Post) 2022 R2
 Forte (includes EnSight) 2022 R2
 TurboGrid 2022 R2   
 Aqwa 2022 R2
 Mechanical Products 2022 R2 
 ACIS Geometry Interface 2022 R2 
 AutoCAD Geometry Interface 2022 R2  
 Catia, Version 4 Geometry Interface 2022 R2 
 Catia, Version 5 Geometry Interface 2022 R2 
 Catia, Version 6 Geometry Interface 2022 R2 
 Creo Elements/Direct Modeling Geometry Interface 2022 R2
 Creo Parametric Geometry Interface 2022 R2  
 Inventor Geometry Interface 2022 R2 
 JTOpen Geometry Interface 2022 R2   
 NX Geometry Interface 2022 R2   
 Parasolid Geometry Interface  2022 R2   
 Solid Edge Geometry Interface 2022 R2   
 SOLIDWORKS Geometry Interface 2022 R2   
 Academic Student 2022 R2


          *****  MAPDL COMMAND LINE ARGUMENTS  *****
  BATCH MODE REQUESTED (-b)    = NOLIST
  INPUT FILE COPY MODE (-c)    = COPY
  DISTRIBUTED MEMORY PARALLEL REQUESTED
       4 PARALLEL PROCESSES REQUESTED WITH SINGLE THREAD PER PROCESS
    TOTAL OF     4 CORES REQUESTED
  INPUT FILE NAME              = D:\Operatoria\Cornea Clase\_ProjectScratch\Scr53B6\dummy.dat
  OUTPUT FILE NAME             = D:\Operatoria\Cornea Clase\_ProjectScratch\Scr53B6\solve.out
  START-UP FILE MODE           = NOREAD
  STOP FILE MODE               = NOREAD

 RELEASE= 2022 R2              BUILD= 22.2      UP20220516   VERSION=WINDOWS x64 
 CURRENT JOBNAME=file0  18:44:06  NOV 28, 2022 CP=      0.109


 PARAMETER _DS_PROGRESS =     999.0000000    

 /INPUT FILE= ds.dat  LINE=       0



 *** NOTE ***                            CP =       0.219   TIME= 18:44:06
 The /CONFIG,NOELDB command is not valid in a distributed memory         
 parallel solution.  Command is ignored.                                 

 *GET  _WALLSTRT  FROM  ACTI  ITEM=TIME WALL  VALUE=  18.7350000    

 TITLE= 
 Cornea Clase--Static Structural (B5)                                          

  ACT Extensions:
      LSDYNA, 2022.2
      5f463412-bd3e-484b-87e7-cbc0a665e474, wbex
 /COM,     ANSYSMotion, 2022.2
      20180725-3f81-49eb-9f31-41364844c769, wbex
  

 SET PARAMETER DIMENSIONS ON  _WB_PROJECTSCRATCH_DIR
  TYPE=STRI  DIMENSIONS=      248        1        1

 PARAMETER _WB_PROJECTSCRATCH_DIR(1) = D:\Operatoria\Cornea Clase\_ProjectScratch\Scr53B6\

 SET PARAMETER DIMENSIONS ON  _WB_SOLVERFILES_DIR
  TYPE=STRI  DIMENSIONS=      248        1        1

 PARAMETER _WB_SOLVERFILES_DIR(1) = D:\Operatoria\Cornea Clase\Cornea Clase_files\dp0\SYS\MECH\

 SET PARAMETER DIMENSIONS ON  _WB_USERFILES_DIR
  TYPE=STRI  DIMENSIONS=      248        1        1

 PARAMETER _WB_USERFILES_DIR(1) = D:\Operatoria\Cornea Clase\Cornea Clase_files\user_files\
 --- Data in consistent MKS units. See Solving Units in the help system for more

 MKS UNITS SPECIFIED FOR INTERNAL    
  LENGTH        (l)  = METER (M)
  MASS          (M)  = KILOGRAM (KG)
  TIME          (t)  = SECOND (SEC)
  TEMPERATURE   (T)  = CELSIUS (C)
  TOFFSET            = 273.0
  CHARGE        (Q)  = COULOMB
  FORCE         (f)  = NEWTON (N) (KG-M/SEC2)
  HEAT               = JOULE (N-M)

  PRESSURE           = PASCAL (NEWTON/M**2)
  ENERGY        (W)  = JOULE (N-M)
  POWER         (P)  = WATT (N-M/SEC)
  CURRENT       (i)  = AMPERE (COULOMBS/SEC)
  CAPACITANCE   (C)  = FARAD
  INDUCTANCE    (L)  = HENRY
  MAGNETIC FLUX      = WEBER
  RESISTANCE    (R)  = OHM
  ELECTRIC POTENTIAL = VOLT

 INPUT  UNITS ARE ALSO SET TO MKS 

 *** MAPDL - ENGINEERING ANALYSIS SYSTEM  RELEASE 2022 R2          22.2     ***
 Ansys Mechanical Enterprise Academic Student      
 00000000  VERSION=WINDOWS x64   18:44:06  NOV 28, 2022 CP=      0.219

 Cornea Clase--Static Structural (B5)                                          



          ***** MAPDL ANALYSIS DEFINITION (PREP7) *****
 *********** Nodes for the whole assembly ***********
 *********** Nodes for all Remote Points ***********
 *********** Elements for Body 1 "Geom\Solid" ***********
 *********** Send User Defined Coordinate System(s) ***********
 *********** Set Reference Temperature ***********
 *********** Send Materials ***********
 *********** Fixed Supports ***********
 ******* Constant Zero Displacement X *******
 ******* Constant Zero Displacement Z *******
 *********** Create Remote Point "Internal Remote Point" ***********
 *********** Construct Remote Force ***********


 ***** ROUTINE COMPLETED *****  CP =         0.422


 --- Number of total nodes = 33338
 --- Number of contact elements = 6
 --- Number of spring elements = 0
 --- Number of bearing elements = 0
 --- Number of solid elements = 19980
 --- Number of condensed parts = 0
 --- Number of total elements = 19987

 *GET  _WALLBSOL  FROM  ACTI  ITEM=TIME WALL  VALUE=  18.7352778    
 ****************************************************************************
 *************************    SOLUTION       ********************************
 ****************************************************************************

 *****  MAPDL SOLUTION ROUTINE  *****


 PERFORM A STATIC ANALYSIS
  THIS WILL BE A NEW ANALYSIS

 PARAMETER _THICKRATIO =     1.000000000    

 USE PRECONDITIONED CONJUGATE GRADIENT SOLVER
  CONVERGENCE TOLERANCE = 1.00000E-08
  MAXIMUM ITERATION     = NumNode*DofPerNode*  1.0000    

 CONTACT INFORMATION PRINTOUT LEVEL       1

 DO NOT COMBINE ELEMENT MATRIX FILES (.emat) AFTER DISTRIBUTED PARALLEL SOLUTION

 DO NOT COMBINE ELEMENT SAVE DATA FILES (.esav) AFTER DISTRIBUTED PARALLEL SOLUTION

 NLDIAG: Nonlinear diagnostics CONT option is set to ON. 
         Writing frequency : each ITERATION.

 DO NOT SAVE ANY RESTART FILES AT ALL
 ****************************************************
 ******************* SOLVE FOR LS 1 OF 1 ****************

 SELECT       FOR ITEM=NODE COMPONENT=    
  IN RANGE     33338 TO      33338 STEP          1

          1  NODES (OF      33338  DEFINED) SELECTED BY  NSEL  COMMAND.

 SPECIFIED NODAL LOAD FX   FOR SELECTED NODES         1 TO    33338 BY        1
  REAL=-1.822534426E-06   IMAG=  0.00000000    

 SPECIFIED NODAL LOAD FY   FOR SELECTED NODES         1 TO    33338 BY        1
  REAL=-9.673971253E-06   IMAG=  0.00000000    

 SPECIFIED NODAL LOAD FZ   FOR SELECTED NODES         1 TO    33338 BY        1
  REAL=-1.758592751E-06   IMAG=  0.00000000    

 ALL SELECT   FOR ITEM=NODE COMPONENT=    
  IN RANGE         1 TO      33338 STEP          1

      33338  NODES (OF      33338  DEFINED) SELECTED BY NSEL  COMMAND.

 PRINTOUT RESUMED BY /GOP

 USE       1 SUBSTEPS INITIALLY THIS LOAD STEP FOR ALL  DEGREES OF FREEDOM
 FOR AUTOMATIC TIME STEPPING:
   USE      1 SUBSTEPS AS A MAXIMUM
   USE      1 SUBSTEPS AS A MINIMUM

 TIME=  1.0000    

 ERASE THE CURRENT DATABASE OUTPUT CONTROL TABLE.


 WRITE ALL  ITEMS TO THE DATABASE WITH A FREQUENCY OF NONE
   FOR ALL APPLICABLE ENTITIES

 WRITE NSOL ITEMS TO THE DATABASE WITH A FREQUENCY OF ALL 
   FOR ALL APPLICABLE ENTITIES

 WRITE RSOL ITEMS TO THE DATABASE WITH A FREQUENCY OF ALL 
   FOR ALL APPLICABLE ENTITIES

 WRITE EANG ITEMS TO THE DATABASE WITH A FREQUENCY OF ALL 
   FOR ALL APPLICABLE ENTITIES

 WRITE ETMP ITEMS TO THE DATABASE WITH A FREQUENCY OF ALL 
   FOR ALL APPLICABLE ENTITIES

 WRITE VENG ITEMS TO THE DATABASE WITH A FREQUENCY OF ALL 
   FOR ALL APPLICABLE ENTITIES

 WRITE STRS ITEMS TO THE DATABASE WITH A FREQUENCY OF ALL 
   FOR ALL APPLICABLE ENTITIES

 WRITE EPEL ITEMS TO THE DATABASE WITH A FREQUENCY OF ALL 
   FOR ALL APPLICABLE ENTITIES

 WRITE EPPL ITEMS TO THE DATABASE WITH A FREQUENCY OF ALL 
   FOR ALL APPLICABLE ENTITIES

 WRITE CONT ITEMS TO THE DATABASE WITH A FREQUENCY OF ALL 
   FOR ALL APPLICABLE ENTITIES

 *GET  ANSINTER_  FROM  ACTI  ITEM=INT        VALUE=  0.00000000    

 *IF  ANSINTER_                         ( =   0.00000     )  NE  
      0                                 ( =   0.00000     )  THEN    

 *ENDIF

 *** NOTE ***                            CP =       0.516   TIME= 18:44:07
 The automatic domain decomposition logic has selected the MESH domain   
 decomposition method with 4 processes per solution.                     

 *****  MAPDL SOLVE    COMMAND  *****

 *** WARNING ***                         CP =       0.516   TIME= 18:44:07
 Element shape checking is currently inactive.  Issue SHPP,ON or         
 SHPP,WARN to reactivate, if desired.                                    

 *** NOTE ***                            CP =       0.594   TIME= 18:44:07
 The model data was checked and warning messages were found.             
  Please review output or errors file ( D:\Operatoria\Cornea             
 Clase\_ProjectScratch\Scr53B6\file0.err ) for these warning messages.   

 *** SELECTION OF ELEMENT TECHNOLOGIES FOR APPLICABLE ELEMENTS ***
      --- GIVE SUGGESTIONS AND RESET THE KEY OPTIONS ---

 ELEMENT TYPE         1 IS SOLID187. IT IS NOT ASSOCIATED WITH FULLY INCOMPRESSIBLE
 HYPERELASTIC MATERIALS. NO SUGGESTION IS AVAILABLE AND NO RESETTING IS NEEDED.



 *** MAPDL - ENGINEERING ANALYSIS SYSTEM  RELEASE 2022 R2          22.2     ***
 Ansys Mechanical Enterprise Academic Student      
 00000000  VERSION=WINDOWS x64   18:44:07  NOV 28, 2022 CP=      0.594

 Cornea Clase--Static Structural (B5)                                          



                       S O L U T I O N   O P T I O N S

   PROBLEM DIMENSIONALITY. . . . . . . . . . . . .3-D                  
   DEGREES OF FREEDOM. . . . . . UX   UY   UZ   ROTX ROTY ROTZ
   ANALYSIS TYPE . . . . . . . . . . . . . . . . .STATIC (STEADY-STATE)
   OFFSET TEMPERATURE FROM ABSOLUTE ZERO . . . . .  273.15    
   EQUATION SOLVER OPTION. . . . . . . . . . . . .PCG                
      TOLERANCE. . . . . . . . . . . . . . . . . . 1.00000E-08
   GLOBALLY ASSEMBLED MATRIX . . . . . . . . . . .SYMMETRIC  

 *** NOTE ***                            CP =       0.594   TIME= 18:44:07
 The conditions for direct assembly have been met.  No .emat or .erot    
 files will be produced.                                                 

 *** NOTE ***                            CP =       0.625   TIME= 18:44:07
 Internal nodes from 33339 to 33339 are created.                         
 1 internal nodes are used for handling degrees of freedom on pilot      
 nodes of rigid target surfaces.                                         

 *** NOTE ***                            CP =       0.625   TIME= 18:44:07
 Internal nodes from 33339 to 33339 are created.                         
 1 internal nodes are used for handling degrees of freedom on pilot      
 nodes of rigid target surfaces.                                         

 *** NOTE ***                            CP =       0.641   TIME= 18:44:07
 Force-distributed-surface identified by real constant set 2 and         
 contact element type 2 has been set up.  The pilot node 33338 is used   
 to apply the force.  Internal MPC will be built.                        
 The used degrees of freedom set is  UX   UY   UZ   ROTX ROTY ROTZ
 Please verify constraints (including rotational degrees of freedom)
  on the pilot node by yourself.
 ****************************************
  
  
  

 *** NOTE ***                            CP =       0.656   TIME= 18:44:07
 Internal nodes from 33339 to 33339 are created.                         
 1 internal nodes are used for handling degrees of freedom on pilot      
 nodes of rigid target surfaces.                                         

  
  
     D I S T R I B U T E D   D O M A I N   D E C O M P O S E R
  
  ...Number of elements: 19987
  ...Number of nodes:    33339
  ...Decompose to 4 CPU domains
  ...Element load balance ratio =     1.000


                      L O A D   S T E P   O P T I O N S

   LOAD STEP NUMBER. . . . . . . . . . . . . . . .     1
   TIME AT END OF THE LOAD STEP. . . . . . . . . .  1.0000    
   NUMBER OF SUBSTEPS. . . . . . . . . . . . . . .     1
   STEP CHANGE BOUNDARY CONDITIONS . . . . . . . .    NO
   PRINT OUTPUT CONTROLS . . . . . . . . . . . . .NO PRINTOUT
   DATABASE OUTPUT CONTROLS
      ITEM     FREQUENCY   COMPONENT
       ALL       NONE               
      NSOL        ALL               
      RSOL        ALL               
      EANG        ALL               
      ETMP        ALL               
      VENG        ALL               
      STRS        ALL               
      EPEL        ALL               
      EPPL        ALL               
      CONT        ALL               


 SOLUTION MONITORING INFO IS WRITTEN TO FILE= file.mntr                                                                                                                                                                                                                                                           

 *** NOTE ***                            CP =       0.797   TIME= 18:44:07
 Force-distributed-surface identified by real constant set 2 and         
 contact element type 2 has been set up.  The pilot node 33338 is used   
 to apply the force.  Internal MPC will be built.                        
 The used degrees of freedom set is  UX   UY   UZ   ROTX ROTY ROTZ
 Please verify constraints (including rotational degrees of freedom)
  on the pilot node by yourself.
 ****************************************
  


 *** NOTE ***                            CP =       0.812   TIME= 18:44:08
 The PCG solver has automatically set the level of difficulty for this   
 model to 1.                                                             
  
 The FEA model contains 0 external CE equations and 6 internal CE        
 equations.                                                              

 Range of element maximum matrix coefficients in global coordinates
 Maximum = 7144.01493 at element 18834.                                  
 Minimum = 136.281108 at element 3424.                                   

   *** ELEMENT MATRIX FORMULATION TIMES
     TYPE    NUMBER   ENAME      TOTAL CP  AVE CP

        1     19980  SOLID187      1.203   0.000060
        2         6  CONTA174      0.016   0.002604
        3         1  TARGE170      0.000   0.000000
 Time at end of element matrix formulation CP = 1.234375.                
 Iteration=    10 Ratio=  0.220120     Limit=  1.000000E-08 Wall=     0.1
 Iteration=   110 Ratio=  7.870640E-04 Limit=  1.000000E-08 Wall=     0.6
 Iteration=   220 Ratio=  2.558618E-06 Limit=  1.000000E-08 Wall=     1.1

 DISTRIBUTED PCG SOLVER SOLUTION CONVERGED

 DISTRIBUTED PCG SOLVER SOLUTION STATISTICS

   NUMBER OF ITERATIONS=         323
   NUMBER OF EQUATIONS =      100023
   LEVEL OF CONVERGENCE=           1
   CALCULATED NORM     = 0.88131E-08
   SPECIFIED TOLERANCE = 0.10000E-07
   TOTAL CPU TIME (sec)=        1.73
   TOTAL WALL TIME(sec)=        4.10
   TOTAL MEMORY (GB)   =        0.04


   *** ELEMENT RESULT CALCULATION TIMES
     TYPE    NUMBER   ENAME      TOTAL CP  AVE CP

        1     19980  SOLID187      0.906   0.000045
        2         6  CONTA174      0.000   0.000000

   *** NODAL LOAD CALCULATION TIMES
     TYPE    NUMBER   ENAME      TOTAL CP  AVE CP

        1     19980  SOLID187      0.219   0.000011
        2         6  CONTA174      0.000   0.000000
 *** LOAD STEP     1   SUBSTEP     1  COMPLETED.    CUM ITER =      1
 *** TIME =   1.00000         TIME INC =   1.00000      NEW TRIANG MATRIX


 *** MAPDL BINARY FILE STATISTICS
  BUFFER SIZE USED= 16384
        2.812 MB WRITTEN ON ELEMENT SAVED DATA FILE: file0.esav
        3.625 MB WRITTEN ON RESULTS FILE: file0.rst
 *************** Write FE CONNECTORS *********

 WRITE OUT CONSTRAINT EQUATIONS TO FILE= file.ce                                                                                                                                                                                                                                                             
 ****************************************************
 *************** FINISHED SOLVE FOR LS 1 *************

 *GET  _WALLASOL  FROM  ACTI  ITEM=TIME WALL  VALUE=  18.7405556    

 PRINTOUT RESUMED BY /GOP

 *GET  _PCGITER  FROM  ACTI  ITEM=SOLU CGIT  VALUE=  323.000000    

 FINISH SOLUTION PROCESSING


 ***** ROUTINE COMPLETED *****  CP =         3.422



 *** MAPDL - ENGINEERING ANALYSIS SYSTEM  RELEASE 2022 R2          22.2     ***
 Ansys Mechanical Enterprise Academic Student      
 00000000  VERSION=WINDOWS x64   18:44:27  NOV 28, 2022 CP=      3.438

 Cornea Clase--Static Structural (B5)                                          



          ***** MAPDL RESULTS INTERPRETATION (POST1) *****

 *** NOTE ***                            CP =       3.438   TIME= 18:44:27
 Reading results into the database (SET command) will update the current 
 displacement and force boundary conditions in the database with the     
 values from the results file for that load set.  Note that any          
 subsequent solutions will use these values unless action is taken to    
 either SAVE the current values or not overwrite them (/EXIT,NOSAVE).    

 Set Encoding of XML File to:ISO-8859-1

 Set Output of XML File to:
     PARM,     ,     ,     ,     ,     ,     ,     ,     ,     ,     ,     ,
         ,     ,     ,     ,     ,     ,     ,

 DATABASE WRITTEN ON FILE  parm.xml                                                                                                                                                                                                                                                            

 EXIT THE MAPDL POST1 DATABASE PROCESSOR


 ***** ROUTINE COMPLETED *****  CP =         3.438



 PRINTOUT RESUMED BY /GOP

 *GET  _WALLDONE  FROM  ACTI  ITEM=TIME WALL  VALUE=  18.7408333    

 PARAMETER _PREPTIME =     1.000000000    

 PARAMETER _SOLVTIME =     19.00000000    

 PARAMETER _POSTTIME =     1.000000000    

 PARAMETER _TOTALTIM =     21.00000000    

 *GET  _DLBRATIO  FROM  ACTI  ITEM=SOLU DLBR  VALUE=  1.00020016    

 *GET  _COMBTIME  FROM  ACTI  ITEM=SOLU COMB  VALUE= 0.975589700    

 *GET  _SSMODE   FROM  ACTI  ITEM=SOLU SSMM  VALUE=  0.00000000    

 *GET  _NDOFS    FROM  ACTI  ITEM=SOLU NDOF  VALUE=  93051.0000    

 *GET  _SOL_END_TIME  FROM  ACTI  ITEM=SET  TIME  VALUE=  1.00000000    

 *IF  _sol_end_time                     ( =   1.00000     )  EQ  
      1.000000                          ( =   1.00000     )  THEN    

 /FCLEAN COMMAND REMOVING ALL LOCAL FILES

 *ENDIF
 --- Total number of nodes = 33338
 --- Total number of elements = 19987
 --- Element load balance ratio = 1.00020016
 --- Time to combine distributed files = 0.9755897
 --- Sparse memory mode = 0
 --- Number of DOF = 93051

 EXIT MAPDL WITHOUT SAVING DATABASE


 NUMBER OF WARNING MESSAGES ENCOUNTERED=          1
 NUMBER OF ERROR   MESSAGES ENCOUNTERED=          0

+--------------------- M A P D L   S T A T I S T I C S ------------------------+

Release: 2022 R2            Build: 22.2       Update: UP20220516   Platform: WINDOWS x64 
Date Run: 11/28/2022   Time: 18:44     Process ID: 21280
Operating System: Windows 10  (Build: 19045)

Processor Model: Intel(R) Core(TM) i7-8750H CPU @ 2.20GHz

Compiler: Intel(R) Fortran Compiler Version 19.0.5  (Build: 20190815)
          Intel(R) C/C++ Compiler Version 19.0.5  (Build: 20190815)
          Intel(R) Math Kernel Library Version 2020.0.0 Product Build 20191125
          BLAS Library supplied by Intel(R) MKL

Number of machines requested            :    1
Total number of cores available         :   12
Number of physical cores available      :    6
Number of processes requested           :    4
Number of threads per process requested :    1
Total number of cores requested         :    4 (Distributed Memory Parallel)               
MPI Type: INTELMPI
MPI Version: Intel(R) MPI Library 2021.5 for Windows* OS


GPU Acceleration: Not Requested

Job Name: file0
Input File: dummy.dat

  Core                Machine Name   Working Directory
 -----------------------------------------------------
     0             DESKTOP-6DE231P   D:\Operatoria\Cornea Clase\_ProjectScratch\Scr53B6
     1             DESKTOP-6DE231P   D:\Operatoria\Cornea Clase\_ProjectScratch\Scr53B6
     2             DESKTOP-6DE231P   D:\Operatoria\Cornea Clase\_ProjectScratch\Scr53B6
     3             DESKTOP-6DE231P   D:\Operatoria\Cornea Clase\_ProjectScratch\Scr53B6
 
Latency time from master to core     1 =   11.331 microseconds
Latency time from master to core     2 =   10.886 microseconds
Latency time from master to core     3 =   12.334 microseconds
 
Communication speed from master to core     1 =  4912.86 MB/sec
Communication speed from master to core     2 =  5215.80 MB/sec
Communication speed from master to core     3 =  5192.78 MB/sec

Total CPU time for main thread                    :        3.7 seconds
Total CPU time summed for all threads             :        3.6 seconds

Elapsed time spent obtaining a license            :        0.3 seconds
Elapsed time spent pre-processing model (/PREP7)  :        0.1 seconds
Elapsed time spent solution - preprocessing       :        0.3 seconds
Elapsed time spent computing solution             :       19.2 seconds
Elapsed time spent solution - postprocessing      :        1.0 seconds
Elapsed time spent post-processing model (/POST1) :        0.0 seconds
 
Equation solver used                              :            PCG (symmetric)
Equation solver computational rate                :        7.4 Gflops

Sum of memory used on all processes               :      329.0 MB
Sum of memory allocated on all processes          :     5184.0 MB
Physical memory available                         :         16 GB

Total amount of I/O written to disk               :        0.1 GB
Total amount of I/O read from disk                :        0.0 GB

+------------------ E N D   M A P D L   S T A T I S T I C S -------------------+


 *---------------------------------------------------------------------------*
 |                                                                           |
 |                               RUN COMPLETED                               |
 |                                                                           |
 |---------------------------------------------------------------------------|
 |                                                                           |
 |  Ansys MAPDL 2022 R2         Build 22.2         UP20220516    WINDOWS x64 |
 |                                                                           |
 |---------------------------------------------------------------------------|
 |                                                                           |
 | Database Requested(-db)  1024 MB    Scratch Memory Requested      1024 MB |
 | Maximum Database Used      26 MB    Maximum Scratch Memory Used     97 MB |
 |                                                                           |
 |---------------------------------------------------------------------------|
 |                                                                           |
 |        CP Time      (sec) =          3.578       Time  =  18:44:28        |
 |        Elapsed Time (sec) =         23.000       Date  =  11/28/2022      |
 |                                                                           |
 *---------------------------------------------------------------------------*
